<?xml version="1.0" encoding="UTF-8"?>
<!-- Generated by org.testng.reporters.JUnitReportReporter -->
<testsuite hostname="RJ" failures="0" tests="2" name="testNGPackage.LoginPage" time="2.379" errors="0" timestamp="18 Jan 2024 09:13:56 GMT" skipped="0">
  <testcase classname="testNGPackage.LoginPage" name="launchChromeBrowser" time="0.199"/>
  <testcase classname="testNGPackage.LoginPage" name="invalidLoginTest1" time="2.180"/>
</testsuite> <!-- testNGPackage.LoginPage -->
