<?xml version="1.0" encoding="UTF-8"?>
<!-- Generated by org.testng.reporters.JUnitReportReporter -->
<testsuite hostname="RJ" failures="0" tests="1" name="testNGPackage.ReTestng1" time="0.010" errors="0" timestamp="11 Jan 2024 07:26:28 GMT" skipped="0">
  <testcase classname="testNGPackage.ReTestng1" name="de" time="0.010"/>
</testsuite> <!-- testNGPackage.ReTestng1 -->
