<?xml version="1.0" encoding="UTF-8"?>
<!-- Generated by org.testng.reporters.JUnitReportReporter -->
<testsuite hostname="RJ" failures="0" tests="1" name="testNGPackage.SecondTestngClass" time="0.009" errors="0" timestamp="05 Dec 2023 16:51:14 GMT" skipped="0">
  <testcase classname="testNGPackage.SecondTestngClass" name="usersignin" time="0.009"/>
</testsuite> <!-- testNGPackage.SecondTestngClass -->
