<?xml version="1.0" encoding="UTF-8"?>
<!-- Generated by org.testng.reporters.JUnitReportReporter -->
<testsuite hostname="RJ" failures="0" tests="1" name="testNGPackage.ParameterizationinTestNG" time="0.001" errors="0" timestamp="04 Dec 2023 17:41:21 GMT" skipped="0">
  <testcase classname="testNGPackage.ParameterizationinTestNG" name="testmetnod" time="0.001"/>
</testsuite> <!-- testNGPackage.ParameterizationinTestNG -->
