<?xml version="1.0" encoding="UTF-8"?>
<!-- Generated by org.testng.reporters.JUnitReportReporter -->
<testsuite hostname="RJ" failures="0" tests="4" name="testNGPackage.FirstTestngClass" time="0.004" errors="0" timestamp="05 Dec 2023 16:51:14 GMT" skipped="0">
  <testcase classname="testNGPackage.FirstTestngClass" name="membersingup" time="0.001"/>
  <testcase classname="testNGPackage.FirstTestngClass" name="customersingup" time="0.002"/>
  <testcase classname="testNGPackage.FirstTestngClass" name="usersignup" time="0.001"/>
  <testcase classname="testNGPackage.FirstTestngClass" name="customerdetails" time="0.000"/>
</testsuite> <!-- testNGPackage.FirstTestngClass -->
