<?xml version="1.0" encoding="UTF-8"?>
<!-- Generated by org.testng.reporters.JUnitReportReporter -->
<testsuite hostname="RJ" failures="0" tests="3" name="testNGPackage.DataproviderinTestNG" time="0.006" errors="0" timestamp="04 Dec 2023 18:11:25 GMT" skipped="0">
  <testcase classname="testNGPackage.DataproviderinTestNG" name="datp" time="0.000"/>
  <testcase classname="testNGPackage.DataproviderinTestNG" name="datp" time="0.000"/>
  <testcase classname="testNGPackage.DataproviderinTestNG" name="datp" time="0.006"/>
</testsuite> <!-- testNGPackage.DataproviderinTestNG -->
